<?xml version="1.0" encoding="UTF-8"?>
<!-- Generated by org.testng.reporters.JUnitReportReporter -->
<testsuite skipped="0" hostname="DESKTOP-5SP6QVN" name="org.betPawa.automation.betPawa_automation.BetPawaTests" tests="7" failures="0" timestamp="23 Feb 2019 13:56:39 GMT" time="164.317" errors="0">
  <testcase name="d_VerifyWithdrawl" time="20.296" classname="org.betPawa.automation.betPawa_automation.BetPawaTests"/>
  <testcase name="g_VerifyWithdrawlInvalidAmount" time="7.718" classname="org.betPawa.automation.betPawa_automation.BetPawaTests"/>
  <testcase name="c_VerifyMultipleBet" time="26.392" classname="org.betPawa.automation.betPawa_automation.BetPawaTests"/>
  <testcase name="h_VerifyInvalidCurrencyVoucher" time="24.421" classname="org.betPawa.automation.betPawa_automation.BetPawaTests"/>
  <testcase name="b_VerifyBet" time="52.100" classname="org.betPawa.automation.betPawa_automation.BetPawaTests"/>
  <testcase name="e_VerifyRedeemVoucher" time="17.815" classname="org.betPawa.automation.betPawa_automation.BetPawaTests"/>
  <testcase name="f_VerifyWithdrawlInsufficientAmount" time="15.575" classname="org.betPawa.automation.betPawa_automation.BetPawaTests"/>
</testsuite> <!-- org.betPawa.automation.betPawa_automation.BetPawaTests -->
