<?xml version="1.0" encoding="UTF-8"?>
<!-- Generated by org.testng.reporters.JUnitReportReporter -->
<testsuite skipped="0" hostname="DESKTOP-5SP6QVN" name="org.betPawa.automation.betPawa_automation.AppTest" tests="1" failures="0" timestamp="16 Feb 2019 10:26:32 GMT" time="0.009" errors="0">
  <testcase name="LocalTest" time="0.009" classname="org.betPawa.automation.betPawa_automation.AppTest"/>
</testsuite> <!-- org.betPawa.automation.betPawa_automation.AppTest -->
